<?xml version="1.0" encoding="UTF-8"?>
<!-- Generated by org.testng.reporters.JUnitReportReporter -->
<testsuite hostname="MCGL-5500" name="com.deckofcards.utils.TestCardsAPI" tests="2" failures="0" timestamp="8 Apr 2020 15:17:00 GMT" time="10.655" errors="0">
  <testcase name="Test_02" time="3.099" classname="com.deckofcards.utils.TestCardsAPI"/>
  <testcase name="Test_01" time="7.556" classname="com.deckofcards.utils.TestCardsAPI"/>
</testsuite> <!-- com.deckofcards.utils.TestCardsAPI -->
